
                           Design Compiler Graphical 
                                 DC Ultra (TM)
                                  DFTMAX (TM)
                              Power Compiler (TM)
                                 DesignWare (R)
                                 DC Expert (TM)
                               Design Vision (TM)
                               HDL Compiler (TM)
                               VHDL Compiler (TM)
                                  DFT Compiler
                               Design Compiler(R)

               Version Q-2019.12-SP4 for linux64 - Jun 02, 2020 

                    Copyright (c) 1988 - 2020 Synopsys, Inc.
   This software and the associated documentation are proprietary to Synopsys,
 Inc. This software may only be used in accordance with the terms and conditions
 of a written license agreement with Synopsys, Inc. All other use, reproduction,
            or distribution of this software is strictly prohibited.
Initializing...
###############################################################################
#/*   FILE        : general.tcl                         
#/*   Description : Default Synopsys Design Compiler Script 
#/*   Usage       : dc_shell -tcl_mode -f ISR.scr          
#/*   Describe    :	makefile for universal test
#/*   Author      : 	Tianyu Wei
#/*   Time        : 	2022-10-27
#/*   Version     : 	2.0
###############################################################################
#/***********************************************************/
#/***********************************************************/
#/* The following lines must be updated for every           */
#/* new design                                              */
#/***********************************************************/
set_host_options -max_cores 8
1
set search_path [ list "./" "/afs/umich.edu/class/eecs470/lib/synopsys/"]
./ /afs/umich.edu/class/eecs470/lib/synopsys/
read_file -f ddc [list "$env(DONT_TOUCH_NAME_DDC)"]
Error: can't read "env(DONT_TOUCH_NAME_DDC)": no such variable
	Use error_info for more info. (CMD-013)
set_dont_touch $env(DONT_TOUCH_NAME)
Error: can't read "env(DONT_TOUCH_NAME)": no such variable
	Use error_info for more info. (CMD-013)
read_file -f sverilog [list "$env(SIMFILES)"]
Loading db file '/usr/caen/synopsys-synth-2019.12-SP4/libraries/syn/gtech.db'
Loading db file '/usr/caen/synopsys-synth-2019.12-SP4/libraries/syn/standard.sldb'
  Loading link library 'gtech'
Loading sverilog files: '/afs/eecs.umich.edu/vlsisp/users/billywty/EECS573-final-project/rtl/utils/shift_reg.sv' '/afs/eecs.umich.edu/vlsisp/users/billywty/EECS573-final-project/rtl/core/PE.sv' '/afs/eecs.umich.edu/vlsisp/users/billywty/EECS573-final-project/rtl/core/PE_row.sv' 
Detecting input file type automatically (-rtl or -netlist).
Reading with Presto HDL Compiler (equivalent to -rtl option).
Running PRESTO HDLC
Warning: Can't read link_library file 'your_library.db'. (UID-3)
Compiling source file /afs/eecs.umich.edu/vlsisp/users/billywty/EECS573-final-project/rtl/utils/shift_reg.sv
Compiling source file /afs/eecs.umich.edu/vlsisp/users/billywty/EECS573-final-project/rtl/core/PE.sv
Module 'shift_reg' was not elaborated because it contains the 'template' attribute.  Instead, it has been saved as a template.
Compiling source file /afs/eecs.umich.edu/vlsisp/users/billywty/EECS573-final-project/rtl/core/PE_row.sv
Module 'PE' was not elaborated because it contains the 'template' attribute.  Instead, it has been saved as a template.
Presto compilation completed successfully.
Current design is now '/afs/eecs.umich.edu/vlsisp/users/billywty/EECS573-final-project/rtl/core/PE_row.db:PE_row'
Loaded 1 design.
Current design is 'PE_row'.
PE_row
# analyze module with different parameters
# analyze -f sverilog "unit.sv"
# elaborate counter_binary_1 -parameter REQS=3,WIDTH=64
set design_name $env(DESIGN_NAME)
PE_row
set clock_name $env(CLOCK_NET_NAME)
clk
set reset_name $env(RESET_NET_NAME)
reset
set CLK_PERIOD $env(CLOCK_PERIOD)
4
#/***********************************************************/
#/* The rest of this file may be left alone for most small  */
#/* to moderate sized designs.  You may need to alter it    */
#/* when synthesizing your final project.                   */
#/***********************************************************/
set SYN_DIR ./
./
set target_library "lec25dscc25_TT.db"
lec25dscc25_TT.db
set link_library [concat  "*" $target_library]
* lec25dscc25_TT.db
#/***********************************************************/
#/* Set some flags for optimisation */
set compile_top_all_paths "true"
true
set auto_wire_load_selection "false"
false
#/***********************************************************/
#/*  Clk Periods/uncertainty/transition                     */
set CLK_TRANSITION 0.1
0.1
set CLK_UNCERTAINTY 0.1
0.1
set CLK_LATENCY 0.1
0.1
#/* Input/output Delay values */
set AVG_INPUT_DELAY 0.1
0.1
set AVG_OUTPUT_DELAY 0.1
0.1
#/* Critical Range (ns) */
set CRIT_RANGE 1.0
1.0
#/***********************************************************/
#/* Design Constrains: Not all used                         */
set MAX_TRANSITION 1.0
1.0
set FAST_TRANSITION 0.1
0.1
set MAX_FANOUT 32
32
set MID_FANOUT 8
8
set LOW_FANOUT 1
1
set HIGH_DRIVE 0
0
set HIGH_LOAD 1.0
1.0
set AVG_LOAD 0.1
0.1
set AVG_FANOUT_LOAD 10
10
#/***********************************************************/
#/*BASIC_INPUT = cb18os120_tsmc_max/nd02d1/A1
#BASIC_OUTPUT = cb18os120_tsmc_max/nd02d1/ZN*/
set DRIVING_CELL dffacs1
dffacs1
#/* DONT_USE_LIST = {   } */
#/*************operation cons**************/
#/*OP_WCASE = WCCOM;
#OP_BCASE = BCCOM;*/
set WIRE_LOAD "tsmcwire"
tsmcwire
set LOGICLIB lec25dscc25_TT
lec25dscc25_TT
#/*****************************/
#/* Sourcing the file that sets the Search path and the libraries(target,link) */
set sys_clk $clock_name
clk
set netlist_file [format "%s%s"  [format "%s%s"  $SYN_DIR $design_name] ".vg"]
./PE_row.vg
set ddc_file [format "%s%s"  [format "%s%s"  $SYN_DIR $design_name] ".ddc"]
./PE_row.ddc
set rep_file [format "%s%s"  [format "%s%s"  $SYN_DIR $design_name] ".rep"]
./PE_row.rep
set dc_shell_status [ set chk_file [format "%s%s"  [format "%s%s"  $SYN_DIR $design_name] ".chk"] ]
./PE_row.chk
#/* if we didnt find errors at this point, run */
if {  $dc_shell_status != [list] } {
   current_design $design_name
  link
  set_wire_load_model -name $WIRE_LOAD -lib $LOGICLIB $design_name
  set_wire_load_mode top
  set_fix_multiple_port_nets -outputs -buffer_constants
  create_clock -period $CLK_PERIOD -name $sys_clk [find port $sys_clk]
  set_clock_uncertainty $CLK_UNCERTAINTY $sys_clk
  set_fix_hold $sys_clk
  
  group_path -from [all_inputs] -name input_grp
  group_path -to [all_outputs] -name output_grp
  
  set_driving_cell  -lib_cell $DRIVING_CELL [all_inputs]
  remove_driving_cell [find port $sys_clk]
  set_fanout_load $AVG_FANOUT_LOAD [all_outputs]
  set_load $AVG_LOAD [all_outputs]
  set_input_delay $AVG_INPUT_DELAY -clock $sys_clk [all_inputs]
  remove_input_delay -clock $sys_clk [find port $sys_clk]
  set_output_delay $AVG_OUTPUT_DELAY -clock $sys_clk [all_outputs]
  set_dont_touch $reset_name
  set_resistance 0 $reset_name
  set_drive 0 $reset_name
  set_critical_range $CRIT_RANGE [current_design]
  set_max_delay $CLK_PERIOD [all_outputs]
  set MAX_FANOUT $MAX_FANOUT
  set MAX_TRANSITION $MAX_TRANSITION
  
  uniquify
  ungroup -all -flatten
  redirect $chk_file { check_design }
#   compile -map_effort high
  compile_ultra
  write -hier -format verilog -output $netlist_file $design_name
  write -hier -format ddc -output $ddc_file $design_name
  redirect $rep_file { report_design -nosplit }
  redirect -append $rep_file { report_area }
  redirect -append $rep_file { report_timing -max_paths 2 -input_pins -nets -transition_time -nosplit }
  redirect -append $rep_file { report_constraint -max_delay -verbose -nosplit }
  remove_design -all
  read_file -format verilog $netlist_file
  current_design $design_name
  redirect -append $rep_file { report_reference -nosplit }
  quit
} else {
   quit
}
Current design is 'PE_row'.
Loading db file '/afs/umich.edu/class/eecs470/lib/synopsys/lec25dscc25_TT.db'

  Linking design 'PE_row'
  Using the following designs and libraries:
  --------------------------------------------------------------------------
  PE_row                      /afs/eecs.umich.edu/vlsisp/users/billywty/EECS573-final-project/rtl/core/PE_row.db
  lec25dscc25_TT (library)    /afs/umich.edu/class/eecs470/lib/synopsys/lec25dscc25_TT.db

Information: Building the design 'PE' instantiated from design 'PE_row' with
	the parameters "DATA_WIDTH=16,MAX_FILTER_WIDTH=11". (HDL-193)

Inferred memory devices in process
	in routine PE_DATA_WIDTH16_MAX_FILTER_WIDTH11 line 97 in file
		'/afs/eecs.umich.edu/vlsisp/users/billywty/EECS573-final-project/rtl/core/PE.sv'.
===============================================================================
|    Register Name    |   Type    | Width | Bus | MB | AR | AS | SR | SS | ST |
===============================================================================
|  wr_w_col_ptr_reg   | Flip-flop |  10   |  Y  | N  | N  | N  | Y  | N  | N  |
|  wr_w_col_ptr_reg   | Flip-flop |   1   |  N  | N  | N  | N  | N  | Y  | N  |
===============================================================================

Inferred memory devices in process
	in routine PE_DATA_WIDTH16_MAX_FILTER_WIDTH11 line 107 in file
		'/afs/eecs.umich.edu/vlsisp/users/billywty/EECS573-final-project/rtl/core/PE.sv'.
===============================================================================
|    Register Name    |   Type    | Width | Bus | MB | AR | AS | SR | SS | ST |
===============================================================================
|  wr_w_row_ptr_reg   | Flip-flop |  10   |  Y  | N  | N  | N  | Y  | N  | N  |
|  wr_w_row_ptr_reg   | Flip-flop |   1   |  N  | N  | N  | N  | N  | Y  | N  |
===============================================================================

Inferred memory devices in process
	in routine PE_DATA_WIDTH16_MAX_FILTER_WIDTH11 line 121 in file
		'/afs/eecs.umich.edu/vlsisp/users/billywty/EECS573-final-project/rtl/core/PE.sv'.
===============================================================================
|    Register Name    |   Type    | Width | Bus | MB | AR | AS | SR | SS | ST |
===============================================================================
|    lane_cal_reg     | Flip-flop |   1   |  N  | N  | N  | N  | Y  | N  | N  |
===============================================================================

Inferred memory devices in process
	in routine PE_DATA_WIDTH16_MAX_FILTER_WIDTH11 line 133 in file
		'/afs/eecs.umich.edu/vlsisp/users/billywty/EECS573-final-project/rtl/core/PE.sv'.
===============================================================================
|    Register Name    |   Type    | Width | Bus | MB | AR | AS | SR | SS | ST |
===============================================================================
|    lane_feed_reg    | Flip-flop |   1   |  N  | N  | N  | N  | Y  | N  | N  |
===============================================================================

Inferred memory devices in process
	in routine PE_DATA_WIDTH16_MAX_FILTER_WIDTH11 line 172 in file
		'/afs/eecs.umich.edu/vlsisp/users/billywty/EECS573-final-project/rtl/core/PE.sv'.
===============================================================================
|    Register Name    |   Type    | Width | Bus | MB | AR | AS | SR | SS | ST |
===============================================================================
|  rd_w_row_ptr_reg   | Flip-flop |   4   |  Y  | N  | N  | N  | Y  | N  | N  |
===============================================================================

Inferred memory devices in process
	in routine PE_DATA_WIDTH16_MAX_FILTER_WIDTH11 line 187 in file
		'/afs/eecs.umich.edu/vlsisp/users/billywty/EECS573-final-project/rtl/core/PE.sv'.
===============================================================================
|    Register Name    |   Type    | Width | Bus | MB | AR | AS | SR | SS | ST |
===============================================================================
|     pe_done_reg     | Flip-flop |   1   |  N  | N  | N  | N  | Y  | N  | N  |
|   o_row_done_reg    | Flip-flop |   1   |  N  | N  | N  | N  | Y  | N  | N  |
===============================================================================

Inferred memory devices in process
	in routine PE_DATA_WIDTH16_MAX_FILTER_WIDTH11 line 203 in file
		'/afs/eecs.umich.edu/vlsisp/users/billywty/EECS573-final-project/rtl/core/PE.sv'.
===============================================================================
|    Register Name    |   Type    | Width | Bus | MB | AR | AS | SR | SS | ST |
===============================================================================
|  o_peout_valid_reg  | Flip-flop |   1   |  N  | N  | N  | N  | Y  | N  | N  |
===============================================================================

Inferred memory devices in process
	in routine PE_DATA_WIDTH16_MAX_FILTER_WIDTH11 line 210 in file
		'/afs/eecs.umich.edu/vlsisp/users/billywty/EECS573-final-project/rtl/core/PE.sv'.
===============================================================================
|    Register Name    |   Type    | Width | Bus | MB | AR | AS | SR | SS | ST |
===============================================================================
|      psum_reg       | Flip-flop |  32   |  Y  | N  | N  | N  | Y  | N  | N  |
===============================================================================
Presto compilation completed successfully. (PE_DATA_WIDTH16_MAX_FILTER_WIDTH11)
Information: Building the design 'shift_reg' instantiated from design 'PE_DATA_WIDTH16_MAX_FILTER_WIDTH11' with
	the parameters "DATA_WIDTH=16,DEPTH=11". (HDL-193)

Inferred memory devices in process
	in routine shift_reg_DATA_WIDTH16_DEPTH11 line 43 in file
		'/afs/eecs.umich.edu/vlsisp/users/billywty/EECS573-final-project/rtl/utils/shift_reg.sv'.
===============================================================================
|    Register Name    |   Type    | Width | Bus | MB | AR | AS | SR | SS | ST |
===============================================================================
|       mem_reg       | Flip-flop |  176  |  Y  | N  | N  | N  | Y  | N  | N  |
===============================================================================

Inferred memory devices in process
	in routine shift_reg_DATA_WIDTH16_DEPTH11 line 60 in file
		'/afs/eecs.umich.edu/vlsisp/users/billywty/EECS573-final-project/rtl/utils/shift_reg.sv'.
===============================================================================
|    Register Name    |   Type    | Width | Bus | MB | AR | AS | SR | SS | ST |
===============================================================================
|    o_rd_ptr_reg     | Flip-flop |   4   |  Y  | N  | N  | N  | Y  | N  | N  |
===============================================================================
Presto compilation completed successfully. (shift_reg_DATA_WIDTH16_DEPTH11)
Warning: Design rule attributes from the driving cell will be
	set on the port. (UID-401)
Warning: Design rule attributes from the driving cell will be
	set on the port. (UID-401)
Warning: Design rule attributes from the driving cell will be
	set on the port. (UID-401)
Warning: Design rule attributes from the driving cell will be
	set on the port. (UID-401)
Warning: Design rule attributes from the driving cell will be
	set on the port. (UID-401)
Warning: Design rule attributes from the driving cell will be
	set on the port. (UID-401)
Warning: Design rule attributes from the driving cell will be
	set on the port. (UID-401)
Warning: Design rule attributes from the driving cell will be
	set on the port. (UID-401)
Warning: Design rule attributes from the driving cell will be
	set on the port. (UID-401)
Warning: Design rule attributes from the driving cell will be
	set on the port. (UID-401)
Warning: Design rule attributes from the driving cell will be
	set on the port. (UID-401)
Warning: Design rule attributes from the driving cell will be
	set on the port. (UID-401)
Warning: Design rule attributes from the driving cell will be
	set on the port. (UID-401)
Warning: Design rule attributes from the driving cell will be
	set on the port. (UID-401)
Warning: Design rule attributes from the driving cell will be
	set on the port. (UID-401)
Warning: Design rule attributes from the driving cell will be
	set on the port. (UID-401)
Warning: Design rule attributes from the driving cell will be
	set on the port. (UID-401)
Warning: Design rule attributes from the driving cell will be
	set on the port. (UID-401)
Warning: Design rule attributes from the driving cell will be
	set on the port. (UID-401)
Warning: Design rule attributes from the driving cell will be
	set on the port. (UID-401)
Warning: Design rule attributes from the driving cell will be
	set on the port. (UID-401)
Warning: Design rule attributes from the driving cell will be
	set on the port. (UID-401)
Warning: Design rule attributes from the driving cell will be
	set on the port. (UID-401)
Warning: Design rule attributes from the driving cell will be
	set on the port. (UID-401)
Warning: Design rule attributes from the driving cell will be
	set on the port. (UID-401)
Warning: Design rule attributes from the driving cell will be
	set on the port. (UID-401)
Warning: Design rule attributes from the driving cell will be
	set on the port. (UID-401)
Warning: Design rule attributes from the driving cell will be
	set on the port. (UID-401)
Warning: Design rule attributes from the driving cell will be
	set on the port. (UID-401)
Warning: Design rule attributes from the driving cell will be
	set on the port. (UID-401)
Warning: Design rule attributes from the driving cell will be
	set on the port. (UID-401)
Warning: Design rule attributes from the driving cell will be
	set on the port. (UID-401)
Warning: Design rule attributes from the driving cell will be
	set on the port. (UID-401)
Warning: Design rule attributes from the driving cell will be
	set on the port. (UID-401)
Warning: Design rule attributes from the driving cell will be
	set on the port. (UID-401)
Warning: Design rule attributes from the driving cell will be
	set on the port. (UID-401)
Warning: Design rule attributes from the driving cell will be
	set on the port. (UID-401)
Warning: Design rule attributes from the driving cell will be
	set on the port. (UID-401)
Warning: Design rule attributes from the driving cell will be
	set on the port. (UID-401)
Warning: Design rule attributes from the driving cell will be
	set on the port. (UID-401)
Warning: Design rule attributes from the driving cell will be
	set on the port. (UID-401)
Warning: Design rule attributes from the driving cell will be
	set on the port. (UID-401)
Warning: Design rule attributes from the driving cell will be
	set on the port. (UID-401)
Warning: Design rule attributes from the driving cell will be
	set on the port. (UID-401)
Warning: Design rule attributes from the driving cell will be
	set on the port. (UID-401)
Warning: Design rule attributes from the driving cell will be
	set on the port. (UID-401)
Warning: Design rule attributes from the driving cell will be
	set on the port. (UID-401)
Warning: Design rule attributes from the driving cell will be
	set on the port. (UID-401)
Warning: Design rule attributes from the driving cell will be
	set on the port. (UID-401)
Warning: Design rule attributes from the driving cell will be
	set on the port. (UID-401)
Warning: Design rule attributes from the driving cell will be
	set on the port. (UID-401)
Warning: Design rule attributes from the driving cell will be
	set on the port. (UID-401)
Warning: Design rule attributes from the driving cell will be
	set on the port. (UID-401)
Warning: Design rule attributes from the driving cell will be
	set on the port. (UID-401)
Warning: Design rule attributes from the driving cell will be
	set on the port. (UID-401)
Warning: Design rule attributes from the driving cell will be
	set on the port. (UID-401)
Warning: Design rule attributes from the driving cell will be
	set on the port. (UID-401)
Warning: Design rule attributes from the driving cell will be
	set on the port. (UID-401)
Warning: Design rule attributes from the driving cell will be
	set on the port. (UID-401)
Warning: Design rule attributes from the driving cell will be
	set on the port. (UID-401)
Current design is 'PE_row'.
Information: Uniquified 11 instances of design 'PE_DATA_WIDTH16_MAX_FILTER_WIDTH11'. (OPT-1056)
Information: Uniquified 121 instances of design 'shift_reg_DATA_WIDTH16_DEPTH11'. (OPT-1056)
Information: Updating graph... (UID-83)
Warning: Design 'PE_row' contains 143 high-fanout nets. A fanout number of 1000 will be used for delay calculations involving these nets. (TIM-134)
Loading db file '/usr/caen/synopsys-synth-2019.12-SP4/libraries/syn/dw_foundation.sldb'
Information: Failed to find dw_foundation.sldb in the user defined search_path, load it from 'Synopsys Root'. (UISN-70)
Warning: DesignWare synthetic library dw_foundation.sldb is added to the synthetic_library in the current command. (UISN-40)
Information: Performing power optimization. (PWR-850)
Alib files are up-to-date.
Information: Running optimization using a maximum of 8 cores. (OPT-1500)
Information: Evaluating DesignWare library utilization. (UISN-27)

============================================================================
| DesignWare Building Block Library  |         Version         | Available |
============================================================================
| Basic DW Building Blocks           | Q-2019.12-DWBB_201912.3 |     *     |
| Licensed DW Building Blocks        | Q-2019.12-DWBB_201912.3 |     *     |
============================================================================

Warning: Dont_touch on net 'reset' may be overridden by compile because it
	is connected to generic logic. Use all_connected to see net
	connections. (OPT-461)
Information: Sequential output inversion is enabled.  SVF file must be used for formal verification. (OPT-1208)

Information: There are 1266 potential problems in your design. Please run 'check_design' for more information. (LINT-99)

  Simplifying Design 'PE_row'
Information: The register 'genblk1[10].proc_ele/o_row_done_reg' will be removed. (OPT-1207)

Warning: Dont_touch on net 'reset' may be overridden by compile because it
	is connected to generic logic. Use all_connected to see net
	connections. (OPT-461)
Loaded alib file './alib-52/lec25dscc25_TT.db.alib'
  Building model 'DW01_NAND2'
Information: Ungrouping 0 of 1 hierarchies before Pass 1 (OPT-775)
Information: State dependent leakage is now switched from on to off.

  Beginning Pass 1 Mapping
  ------------------------
  Processing 'PE_row'
Information: Added key list 'DesignWare' to design 'PE_row'. (DDB-72)
 Implement Synthetic for 'PE_row'.

  Updating timing information
Information: Updating design information... (UID-85)

  Beginning Mapping Optimizations  (Ultra High effort)
  -------------------------------
  Mapping Optimization (Phase 1)
  Mapping Optimization (Phase 2)
  Mapping Optimization (Phase 3)

                                  TOTAL                                                            
   ELAPSED            WORST NEG   SETUP    DESIGN                              LEAKAGE   MIN DELAY 
    TIME      AREA      SLACK     COST    RULE COST         ENDPOINT            POWER      COST    
  --------- --------- --------- --------- --------- ------------------------- --------- -----------
    0:12:33 14730223.6      0.77     700.0       3.6                           4648497.5000      0.00  
    0:12:54 14727138.1      1.44    4227.6       5.5                           4647014.0000      0.00  

  Beginning Constant Register Removal
  -----------------------------------
    0:13:00 14730099.2      1.44    4179.7       5.5                           4647025.0000      0.00  
    0:13:12 14729949.9      1.44    4246.3       5.5                           4646996.0000      0.00  

  Beginning Global Optimizations
  ------------------------------
  Numerical Synthesis (Phase 1)
  Numerical Synthesis (Phase 2)
  Global Optimization (Phase 1)
  Global Optimization (Phase 2)
  Global Optimization (Phase 3)
  Global Optimization (Phase 4)
  Global Optimization (Phase 5)
  Global Optimization (Phase 6)
  Global Optimization (Phase 7)
  Global Optimization (Phase 8)
  Global Optimization (Phase 9)
  Global Optimization (Phase 10)
  Global Optimization (Phase 11)
  Global Optimization (Phase 12)
  Global Optimization (Phase 13)
  Global Optimization (Phase 14)
  Global Optimization (Phase 15)
  Global Optimization (Phase 16)
  Global Optimization (Phase 17)
  Global Optimization (Phase 18)
  Global Optimization (Phase 19)
  Global Optimization (Phase 20)
  Global Optimization (Phase 21)
  Global Optimization (Phase 22)
  Global Optimization (Phase 23)
  Global Optimization (Phase 24)
  Global Optimization (Phase 25)
  Global Optimization (Phase 26)
  Global Optimization (Phase 27)
  Global Optimization (Phase 28)
  Global Optimization (Phase 29)
  Global Optimization (Phase 30)
  Global Optimization (Phase 31)
  Global Optimization (Phase 32)
  Mapping 'PE_row_DP_OP_152232J1_127_6719_1'
  Mapping 'PE_row_DP_OP_152228J1_123_6719_0'

  Beginning Isolate Ports
  -----------------------

  Beginning Delay Optimization
  ----------------------------
    0:14:14 9572114.9      1.61     495.6       8.2                           4406432.5000      0.00  
    0:14:26 9627415.1      0.68     138.1       8.5                           4451633.0000      0.00  
    0:14:26 9627415.1      0.68     138.1       8.5                           4451633.0000      0.00  
    0:15:27 9451001.5      0.66     123.5      22.9                           3804252.5000      0.00  
    0:15:58 9054128.9      0.66     540.4      14.2                           3666722.0000      0.00  
    0:16:14 8980574.1      2.86    1104.1     982.4                           3635396.0000      0.00  

  Beginning WLM Backend Optimization
  --------------------------------------
    0:19:58 9116960.3      2.86    1875.9    1127.3                           3720540.2500      0.00  
    0:22:10 9201571.2      2.86    1843.9    1125.6                           3708822.5000      0.00  
    0:22:13 9245810.4      2.86    1819.4    1125.5                           3687503.7500      0.00  
    0:22:48 9269291.8      2.82    1784.1    1124.6                           3667307.0000      0.00  
    0:24:47 9266355.6      2.82    1784.1    1124.6                           3666425.5000      0.00  
    0:26:45 9283649.3      2.82    1784.1    1124.6                           3665149.5000      0.00  
    0:28:41 9300943.1      2.82    1784.1    1124.6                           3663873.5000      0.00  
    0:30:36 9318236.8      2.82    1784.1    1124.6                           3662597.5000      0.00  
    0:32:16 9331665.4      2.82    1790.7    1124.5                           3660415.0000      0.00  
    0:32:20 9283997.4      2.80    1356.1    1117.5                           3636953.7500      0.00  
    0:32:27 9244922.5      2.74    1051.1    1096.6                           3610095.0000      0.00  
    0:32:32 9196508.0      2.74     944.7    1044.4                           3575696.5000      0.00  
    0:32:35 9160875.2      2.66     854.9    1042.2                           3557040.5000      0.00  
    0:32:43 9162916.7      2.39     725.5    1038.8                           3563124.5000      0.00  
    0:32:46 9165897.3      1.74     484.9    1035.0                           3566555.5000      0.00  
    0:32:46 9165897.3      1.74     484.9    1035.0                           3566555.5000      0.00  
    0:33:04 9368781.5      1.73     439.3     982.7                           3106693.2500      0.00  
    0:33:04 9368781.5      1.73     439.3     982.7                           3106693.2500      0.00  
    0:33:35 9494909.7      0.42      58.6     962.0                           3160722.5000      0.00  
    0:33:35 9494909.7      0.42      58.6     962.0                           3160722.5000      0.00  
    0:33:36 9497170.8      0.34      56.6     962.1                           3163073.0000      0.00  
    0:33:36 9497170.8      0.34      56.6     962.1                           3163073.0000      0.00  
    0:34:06 9585960.2      0.14      24.9     967.6                           3196636.2500      0.00  
    0:34:06 9585960.2      0.14      24.9     967.6                           3196636.2500      0.00  
    0:34:15 9614625.6      0.00       0.0    1049.9                           3220784.7500      0.00  
    0:34:15 9614625.6      0.00       0.0    1049.9                           3220784.7500      0.00  
    0:34:15 9614625.6      0.00       0.0    1049.9                           3220784.7500      0.00  
    0:34:15 9614625.6      0.00       0.0    1049.9                           3220784.7500      0.00  
    0:34:15 9614625.6      0.00       0.0    1049.9                           3220784.7500      0.00  
    0:34:15 9614625.6      0.00       0.0    1049.9                           3220784.7500      0.00  
    0:34:15 9614625.6      0.00       0.0    1049.9                           3220784.7500      0.00  
    0:34:15 9614625.6      0.00       0.0    1049.9                           3220784.7500      0.00  
    0:34:15 9614625.6      0.00       0.0    1049.9                           3220784.7500      0.00  
    0:34:16 9614625.6      0.00       0.0    1049.9                           3220784.7500      0.00  
    0:34:16 9614625.6      0.00       0.0    1049.9                           3220784.7500      0.00  


  Beginning Design Rule Fixing  (max_transition)  (max_fanout)  (max_capacitance)
  ----------------------------

                                  TOTAL                                                            
   ELAPSED            WORST NEG   SETUP    DESIGN                              LEAKAGE   MIN DELAY 
    TIME      AREA      SLACK     COST    RULE COST         ENDPOINT            POWER      COST    
  --------- --------- --------- --------- --------- ------------------------- --------- -----------
    0:34:16 9614625.6      0.00       0.0    1049.9                           3220784.7500      0.00  
  Global Optimization (Phase 33)
  Global Optimization (Phase 34)
  Global Optimization (Phase 35)
    0:34:23 9640819.3      0.12       1.1     271.5 net802986                 3249148.2500      0.00  
    0:34:25 9643423.7      0.12       1.1     201.0 net1001854                3249224.5000      0.00  
    0:34:35 9655591.8      0.00       0.0       0.0                           3279077.2500      0.00  
    0:34:35 9655591.8      0.00       0.0       0.0                           3279077.2500      0.00  


  Beginning Leakage Power Optimization  (max_leakage_power 0)
  ------------------------------------

                                  TOTAL                                                            
   ELAPSED            WORST NEG   SETUP    DESIGN                              LEAKAGE   MIN DELAY 
    TIME      AREA      SLACK     COST    RULE COST         ENDPOINT            POWER      COST    
  --------- --------- --------- --------- --------- ------------------------- --------- -----------
    0:34:35 9655591.8      0.00       0.0       0.0                           3279077.2500      0.00  
  Global Optimization (Phase 36)
  Global Optimization (Phase 37)
  Global Optimization (Phase 38)
  Global Optimization (Phase 39)
  Global Optimization (Phase 40)
  Global Optimization (Phase 41)
  Global Optimization (Phase 42)
  Global Optimization (Phase 43)
  Global Optimization (Phase 44)
  Global Optimization (Phase 45)
  Global Optimization (Phase 46)
  Global Optimization (Phase 47)
  Global Optimization (Phase 48)
  Global Optimization (Phase 49)
  Global Optimization (Phase 50)
  Global Optimization (Phase 51)
    0:42:14 9594518.1      0.01       0.6       0.0                           3075116.2500      0.00  
    0:42:18 9600079.3      0.00       0.0      11.0                           3079310.5000      0.00  
    0:42:18 9600079.3      0.00       0.0      11.0                           3079310.5000      0.00  
    0:42:35 9566901.9      0.00       0.0      10.4                           3125226.0000      0.00  
    0:42:35 9566901.9      0.00       0.0      10.4                           3125226.0000      0.00  
    0:42:35 9566901.9      0.00       0.0      10.4                           3125226.0000      0.00  
    0:42:35 9566901.9      0.00       0.0      10.4                           3125226.0000      0.00  
    0:42:35 9566901.9      0.00       0.0      10.4                           3125226.0000      0.00  
    0:42:35 9566901.9      0.00       0.0      10.4                           3125226.0000      0.00  
    0:42:35 9566901.9      0.00       0.0      10.4                           3125226.0000      0.00  
    0:42:35 9566901.9      0.00       0.0      10.4                           3125226.0000      0.00  
    0:42:35 9566901.9      0.00       0.0      10.4                           3125226.0000      0.00  
    0:42:35 9566901.9      0.00       0.0      10.4                           3125226.0000      0.00  
    0:42:35 9566901.9      0.00       0.0      10.4                           3125226.0000      0.00  
    0:42:35 9566901.9      0.00       0.0      10.4                           3125226.0000      0.00  
    0:42:35 9566901.9      0.00       0.0      10.4                           3125226.0000      0.00  
    0:42:35 9566901.9      0.00       0.0      10.4                           3125226.0000      0.00  
    0:42:35 9566901.9      0.00       0.0      10.4                           3125226.0000      0.00  
    0:42:35 9566901.9      0.00       0.0      10.4                           3125226.0000      0.00  
    0:42:35 9566901.9      0.00       0.0      10.4                           3125226.0000      0.00  
    0:42:35 9566901.9      0.00       0.0      10.4                           3125226.0000      0.00  
    0:42:35 9566901.9      0.00       0.0      10.4                           3125226.0000      0.00  

                                  TOTAL                                                            
   ELAPSED            WORST NEG   SETUP    DESIGN                              LEAKAGE   MIN DELAY 
    TIME      AREA      SLACK     COST    RULE COST         ENDPOINT            POWER      COST    
  --------- --------- --------- --------- --------- ------------------------- --------- -----------
    0:42:40 9566868.7      0.00       0.0      10.4                           3125224.5000      0.00  
    0:45:25 9075661.4      0.01       0.1      10.5                           3160775.7500      0.00  
    0:45:25 9076101.0      0.00       0.0      10.5                           3160927.2500      0.00  
    0:45:25 9076101.0      0.00       0.0      10.5                           3160927.2500      0.00  
    0:45:41 9078390.7      0.00       0.0      10.5                           3194806.0000      0.00  

  Beginning Delay Optimization HSVT Pass
  --------------------------------------
    0:45:42 9078390.7      0.00       0.0      10.5                           3194806.0000      0.00  
    0:45:42 9078390.7      0.00       0.0      10.5                           3194806.0000      0.00  
    0:45:42 9078390.7      0.00       0.0      10.5                           3194806.0000      0.00  
    0:45:43 9078523.4      0.00       0.0      10.5                           3195765.2500      0.00  
    0:47:31 9064721.5      0.00       0.0      10.5                           3190984.5000      0.00  
    0:49:15 9050886.5      0.00       0.0      10.5                           3190315.7500      0.00  
    0:50:59 9037051.4      0.00       0.0      10.5                           3189646.7500      0.00  
    0:52:39 9023216.3      0.00       0.0      10.5                           3188978.0000      0.00  
    0:53:41 9013304.5      0.00       0.0      10.5                           3187989.5000      0.00  
    0:53:45 9009671.6      0.00       0.0      10.5                           3187039.0000      0.00  
    0:55:14 9022818.1      0.00       0.0      10.5                           3180655.0000      0.00  
    0:56:00 9040077.7      0.00       0.0      10.5                           3165195.5000      0.00  
    0:56:06 9052152.7      0.00       0.0       0.0                           3151134.5000      0.00  
    0:56:06 9052152.7      0.00       0.0       0.0                           3151134.5000      0.00  
    0:56:06 9052152.7      0.00       0.0       0.0                           3151134.5000      0.00  
    0:56:06 9052152.7      0.00       0.0       0.0                           3151134.5000      0.00  
    0:56:06 9052152.7      0.00       0.0       0.0                           3151134.5000      0.00  
    0:56:06 9052152.7      0.00       0.0       0.0                           3151134.5000      0.00  
    0:56:36 9023194.1      0.00       0.0       0.0                           3152568.0000      0.00  
Loading db file '/afs/umich.edu/class/eecs470/lib/synopsys/lec25dscc25_TT.db'


Note: Symbol # after min delay cost means estimated hold TNS across all active scenarios 


  Optimization Complete
  ---------------------
Warning: Design 'PE_row' contains 1 high-fanout nets. A fanout number of 1000 will be used for delay calculations involving these nets. (TIM-134)
     Net 'clk': 22472 load(s), 1 driver(s)
Information: State dependent leakage is now switched from off to on.
Information: Propagating switching activity (low effort zero delay simulation). (PWR-6)
Writing verilog file '/afs/eecs.umich.edu/vlsisp/users/billywty/EECS573-final-project/rtl/core/PE_row.vg'.
Writing ddc file './PE_row.ddc'.
Removing design 'PE_row'
Removing library 'gtech'
Removing library 'lec25dscc25_TT'
Removing library 'standard.sldb'
Removing library 'dw_foundation.sldb'
Loading db file '/afs/umich.edu/class/eecs470/lib/synopsys/lec25dscc25_TT.db'
Loading db file '/usr/caen/synopsys-synth-2019.12-SP4/libraries/syn/gtech.db'
Loading db file '/usr/caen/synopsys-synth-2019.12-SP4/libraries/syn/standard.sldb'
  Loading link library 'lec25dscc25_TT'
  Loading link library 'gtech'
Loading verilog file '/afs/eecs.umich.edu/vlsisp/users/billywty/EECS573-final-project/rtl/core/PE_row.vg'
Detecting input file type automatically (-rtl or -netlist).
Running DC verilog reader
Performing 'read' command.
Compiling source file /afs/eecs.umich.edu/vlsisp/users/billywty/EECS573-final-project/rtl/core/PE_row.vg
Reading with netlist reader (equivalent to -netlist option).
Verilog netlist reader completed successfully.
Current design is now '/afs/eecs.umich.edu/vlsisp/users/billywty/EECS573-final-project/rtl/core/PE_row.db:PE_row'
Loaded 1 design.
Current design is 'PE_row'.
Current design is 'PE_row'.

Memory usage for this session 1306 Mbytes.
Memory usage for this session including child processes 3511 Mbytes.
CPU usage for this session 11189 seconds ( 3.11 hours ).
Elapsed time for this session 3425 seconds ( 0.95 hours ).

Thank you...
